<?xml version="1.0" encoding="UTF-8"?>
<!-- Generated by org.testng.reporters.JUnitReportReporter -->
<testsuite hostname="DESKTOP-BMMRP7G" failures="0" tests="6" name="testCases.TC003_LoginDDT" time="58.161" errors="0" timestamp="2024-08-21T17:36:15 IST" skipped="0">
  <testcase classname="testCases.TC003_LoginDDT" name="verify_loginDDT" time="5.621"/>
  <testcase classname="testCases.TC003_LoginDDT" name="verify_loginDDT" time="7.340"/>
  <testcase classname="testCases.TC003_LoginDDT" name="verify_loginDDT" time="14.238"/>
  <testcase classname="testCases.TC003_LoginDDT" name="verify_loginDDT" time="11.437"/>
  <testcase classname="testCases.TC003_LoginDDT" name="verify_loginDDT" time="14.358"/>
  <testcase classname="testCases.TC003_LoginDDT" name="verify_loginDDT" time="5.167"/>
</testsuite> <!-- testCases.TC003_LoginDDT -->
