<?xml version="1.0" encoding="UTF-8"?>
<!-- Generated by org.testng.reporters.JUnitReportReporter -->
<testsuite hostname="DESKTOP-BMMRP7G" failures="0" tests="1" name="day21_Page_object_model.LoginTest" time="6.123" errors="0" timestamp="2024-08-21T11:58:20 IST" skipped="0">
  <testcase classname="day21_Page_object_model.LoginTest" name="testLogin" time="6.123"/>
  <system-out/>
</testsuite> <!-- day21_Page_object_model.LoginTest -->
