<?xml version="1.0" encoding="UTF-8"?>
<!-- Generated by org.testng.reporters.JUnitReportReporter -->
<testsuite hostname="DESKTOP-BMMRP7G" failures="0" tests="3" name="day18_TestNG_dependency_grouping.SignupTests" time="0.033" errors="0" timestamp="2024-08-19T20:25:06 IST" skipped="0">
  <testcase classname="day18_TestNG_dependency_grouping.SignupTests" name="signupbyfacebook" time="0.003"/>
  <system-out/>
  <testcase classname="day18_TestNG_dependency_grouping.SignupTests" name="signupbytwitter" time="0.005"/>
  <system-out/>
  <testcase classname="day18_TestNG_dependency_grouping.SignupTests" name="signupbyemail" time="0.025"/>
  <system-out/>
</testsuite> <!-- day18_TestNG_dependency_grouping.SignupTests -->
