<?xml version="1.0" encoding="UTF-8"?>
<!-- Generated by org.testng.reporters.JUnitReportReporter -->
<testsuite hostname="DESKTOP-BMMRP7G" failures="0" tests="3" name="day16_TestNG.FirstTestCase" time="0.009" errors="0" timestamp="2024-08-19T19:05:54 IST" skipped="0">
  <testcase classname="day16_TestNG.FirstTestCase" name="openapp" time="0.001"/>
  <system-out/>
  <testcase classname="day16_TestNG.FirstTestCase" name="login" time="0.005"/>
  <system-out/>
  <testcase classname="day16_TestNG.FirstTestCase" name="logout" time="0.003"/>
  <system-out/>
</testsuite> <!-- day16_TestNG.FirstTestCase -->
