<?xml version="1.0" encoding="UTF-8"?>
<!-- Generated by org.testng.reporters.JUnitReportReporter -->
<testsuite hostname="DESKTOP-BMMRP7G" failures="0" tests="4" name="day16_TestNG.OrangeHRMTest" time="22.250" errors="0" timestamp="2024-08-19T19:05:54 IST" skipped="0">
  <testcase classname="day16_TestNG.OrangeHRMTest" name="openapp" time="16.606"/>
  <system-out/>
  <testcase classname="day16_TestNG.OrangeHRMTest" name="testLogo" time="3.094"/>
  <system-out/>
  <testcase classname="day16_TestNG.OrangeHRMTest" name="testLogin" time="2.131"/>
  <system-out/>
  <testcase classname="day16_TestNG.OrangeHRMTest" name="closeApp" time="0.419"/>
  <system-out/>
</testsuite> <!-- day16_TestNG.OrangeHRMTest -->
