<?xml version="1.0" encoding="UTF-8"?>
<!-- Generated by org.testng.reporters.JUnitReportReporter -->
<testsuite hostname="DESKTOP-BMMRP7G" failures="0" tests="1" name="day17_TestNG_Annotations.pack.C1" time="0.040" errors="0" timestamp="2024-08-19T19:40:52 IST" skipped="0">
  <testcase classname="day17_TestNG_Annotations.pack.C1" name="abc" time="0.040"/>
  <system-out/>
</testsuite> <!-- day17_TestNG_Annotations.pack.C1 -->
