<?xml version="1.0" encoding="UTF-8"?>
<!-- Generated by org.testng.reporters.JUnitReportReporter -->
<testsuite hostname="DESKTOP-BMMRP7G" failures="0" tests="3" name="day18_TestNG_dependency_grouping.LoginTests" time="0.024" errors="0" timestamp="2024-08-19T20:23:40 IST" skipped="0">
  <testcase classname="day18_TestNG_dependency_grouping.LoginTests" name="loginByEmail" time="0.017"/>
  <system-out/>
  <testcase classname="day18_TestNG_dependency_grouping.LoginTests" name="loginByFacebook" time="0.003"/>
  <system-out/>
  <testcase classname="day18_TestNG_dependency_grouping.LoginTests" name="loginBytwitter" time="0.004"/>
  <system-out/>
</testsuite> <!-- day18_TestNG_dependency_grouping.LoginTests -->
