<?xml version="1.0" encoding="UTF-8"?>
<!-- Generated by org.testng.reporters.JUnitReportReporter -->
<testsuite hostname="DESKTOP-BMMRP7G" failures="0" tests="2" name="day17_TestNG_Annotations.AllAnnotations" time="0.027" errors="0" timestamp="2024-08-19T19:44:21 IST" skipped="0">
  <testcase classname="day17_TestNG_Annotations.AllAnnotations" name="tm1" time="0.018"/>
  <system-out/>
  <testcase classname="day17_TestNG_Annotations.AllAnnotations" name="tm2" time="0.009"/>
  <system-out/>
</testsuite> <!-- day17_TestNG_Annotations.AllAnnotations -->
