<?xml version="1.0" encoding="UTF-8"?>
<!-- Generated by org.testng.reporters.JUnitReportReporter -->
<testsuite hostname="DESKTOP-BMMRP7G" failures="0" tests="2" name="day18_TestNG_dependency_grouping.PaymentTests" time="0.027" errors="0" timestamp="2024-08-19T20:23:01 IST" skipped="0">
  <testcase classname="day18_TestNG_dependency_grouping.PaymentTests" name="paymentinRupees" time="0.024"/>
  <system-out/>
  <testcase classname="day18_TestNG_dependency_grouping.PaymentTests" name="paymentinDollars" time="0.003"/>
  <system-out/>
</testsuite> <!-- day18_TestNG_dependency_grouping.PaymentTests -->
